<?xml version="1.0" encoding="utf-8"?>
<coverage line-rate="0.8848999999999999" branch-rate="0.8151999999999999" version="1.9" timestamp="1762343688" lines-covered="377" lines-valid="426" branches-covered="75" branches-valid="92">
  <sources>
    <source>/home/jens/svelte-NET-Test/MySvelteApp.Server/</source>
  </sources>
  <packages>
    <package name="MySvelteApp.Server" line-rate="0.8848999999999999" branch-rate="0.8151999999999999" complexity="146">
      <classes>
        <class name="Program" filename="Program.cs" line-rate="1" branch-rate="0.7726999999999999" complexity="22">
          <methods>
            <method name="Main" signature="(System.String[])" line-rate="1" branch-rate="0.7726999999999999" complexity="22">
              <lines>
                <line number="26" hits="21" branch="False" />
                <line number="27" hits="21" branch="False" />
                <line number="31" hits="21" branch="False" />
                <line number="32" hits="21" branch="False" />
                <line number="33" hits="21" branch="False" />
                <line number="34" hits="21" branch="False" />
                <line number="35" hits="21" branch="False" />
                <line number="36" hits="21" branch="False" />
                <line number="37" hits="21" branch="False" />
                <line number="38" hits="21" branch="False" />
                <line number="39" hits="21" branch="False" />
                <line number="40" hits="42" branch="False" />
                <line number="41" hits="42" branch="False" />
                <line number="43" hits="21" branch="False" />
                <line number="44" hits="21" branch="False" />
                <line number="45" hits="21" branch="False" />
                <line number="46" hits="21" branch="True" condition-coverage="50% (3/6)">
                  <conditions>
                    <condition number="62" type="jump" coverage="50%" />
                    <condition number="99" type="jump" coverage="50%" />
                    <condition number="141" type="jump" coverage="50%" />
                  </conditions>
                </line>
                <line number="47" hits="21" branch="False" />
                <line number="48" hits="21" branch="False" />
                <line number="49" hits="21" branch="False" />
                <line number="50" hits="21" branch="False" />
                <line number="51" hits="21" branch="False" />
                <line number="52" hits="21" branch="False" />
                <line number="53" hits="21" branch="False" />
                <line number="54" hits="21" branch="False" />
                <line number="55" hits="21" branch="False" />
                <line number="56" hits="42" branch="False" />
                <line number="58" hits="21" branch="False" />
                <line number="59" hits="21" branch="False" />
                <line number="60" hits="21" branch="False" />
                <line number="61" hits="21" branch="False" />
                <line number="63" hits="21" branch="False" />
                <line number="65" hits="21" branch="False" />
                <line number="66" hits="21" branch="False" />
                <line number="67" hits="21" branch="False" />
                <line number="68" hits="21" branch="False" />
                <line number="69" hits="21" branch="False" />
                <line number="70" hits="21" branch="False" />
                <line number="71" hits="21" branch="False" />
                <line number="72" hits="21" branch="False" />
                <line number="73" hits="21" branch="False" />
                <line number="74" hits="21" branch="False" />
                <line number="75" hits="21" branch="False" />
                <line number="76" hits="21" branch="False" />
                <line number="77" hits="21" branch="False" />
                <line number="78" hits="21" branch="False" />
                <line number="79" hits="21" branch="False" />
                <line number="80" hits="21" branch="False" />
                <line number="81" hits="21" branch="False" />
                <line number="82" hits="21" branch="False" />
                <line number="83" hits="21" branch="False" />
                <line number="84" hits="21" branch="False" />
                <line number="85" hits="21" branch="False" />
                <line number="86" hits="21" branch="False" />
                <line number="87" hits="21" branch="False" />
                <line number="88" hits="21" branch="False" />
                <line number="89" hits="21" branch="False" />
                <line number="90" hits="21" branch="False" />
                <line number="91" hits="21" branch="False" />
                <line number="92" hits="21" branch="False" />
                <line number="93" hits="42" branch="False" />
                <line number="95" hits="21" branch="True" condition-coverage="100% (2/2)">
                  <conditions>
                    <condition number="236" type="jump" coverage="100%" />
                  </conditions>
                </line>
                <line number="96" hits="21" branch="True" condition-coverage="100% (2/2)">
                  <conditions>
                    <condition number="272" type="jump" coverage="100%" />
                  </conditions>
                </line>
                <line number="97" hits="21" branch="True" condition-coverage="50% (1/2)">
                  <conditions>
                    <condition number="303" type="jump" coverage="50%" />
                  </conditions>
                </line>
                <line number="99" hits="21" branch="False" />
                <line number="100" hits="21" branch="False" />
                <line number="101" hits="21" branch="False" />
                <line number="102" hits="21" branch="False" />
                <line number="103" hits="21" branch="False" />
                <line number="104" hits="21" branch="False" />
                <line number="105" hits="21" branch="False" />
                <line number="106" hits="21" branch="False" />
                <line number="107" hits="21" branch="False" />
                <line number="108" hits="42" branch="False" />
                <line number="110" hits="21" branch="False" />
                <line number="111" hits="21" branch="True" condition-coverage="100% (2/2)">
                  <conditions>
                    <condition number="382" type="jump" coverage="100%" />
                  </conditions>
                </line>
                <line number="112" hits="21" branch="True" condition-coverage="100% (2/2)">
                  <conditions>
                    <condition number="418" type="jump" coverage="100%" />
                  </conditions>
                </line>
                <line number="114" hits="21" branch="False" />
                <line number="115" hits="21" branch="False" />
                <line number="116" hits="21" branch="True" condition-coverage="100% (2/2)">
                  <conditions>
                    <condition number="75" type="jump" coverage="100%" />
                  </conditions>
                </line>
                <line number="117" hits="21" branch="False" />
                <line number="118" hits="63" branch="False" />
                <line number="119" hits="21" branch="False" />
                <line number="120" hits="21" branch="False" />
                <line number="121" hits="21" branch="False" />
                <line number="122" hits="21" branch="False" />
                <line number="123" hits="21" branch="True" condition-coverage="50% (1/2)">
                  <conditions>
                    <condition number="37" type="jump" coverage="50%" />
                  </conditions>
                </line>
                <line number="124" hits="21" branch="False" />
                <line number="125" hits="21" branch="False" />
                <line number="126" hits="42" branch="False" />
                <line number="127" hits="42" branch="False" />
                <line number="129" hits="21" branch="False" />
                <line number="130" hits="75" branch="False" />
                <line number="132" hits="21" branch="False" />
                <line number="133" hits="21" branch="False" />
                <line number="134" hits="21" branch="False" />
                <line number="135" hits="21" branch="False" />
                <line number="136" hits="21" branch="False" />
                <line number="139" hits="21" branch="False" />
                <line number="141" hits="21" branch="False" />
                <line number="143" hits="21" branch="True" condition-coverage="100% (2/2)">
                  <conditions>
                    <condition number="637" type="jump" coverage="100%" />
                  </conditions>
                </line>
                <line number="144" hits="21" branch="False" />
                <line number="145" hits="21" branch="False" />
                <line number="146" hits="21" branch="False" />
                <line number="147" hits="21" branch="False" />
                <line number="149" hits="21" branch="False" />
                <line number="150" hits="21" branch="False" />
                <line number="151" hits="21" branch="False" />
                <line number="152" hits="21" branch="False" />
                <line number="153" hits="21" branch="False" />
                <line number="154" hits="21" branch="False" />
                <line number="155" hits="21" branch="False" />
              </lines>
            </method>
          </methods>
          <lines>
            <line number="26" hits="21" branch="False" />
            <line number="27" hits="21" branch="False" />
            <line number="31" hits="21" branch="False" />
            <line number="32" hits="21" branch="False" />
            <line number="33" hits="21" branch="False" />
            <line number="34" hits="21" branch="False" />
            <line number="35" hits="21" branch="False" />
            <line number="36" hits="21" branch="False" />
            <line number="37" hits="21" branch="False" />
            <line number="38" hits="21" branch="False" />
            <line number="39" hits="21" branch="False" />
            <line number="40" hits="42" branch="False" />
            <line number="41" hits="42" branch="False" />
            <line number="43" hits="21" branch="False" />
            <line number="44" hits="21" branch="False" />
            <line number="45" hits="21" branch="False" />
            <line number="46" hits="21" branch="True" condition-coverage="50% (3/6)">
              <conditions>
                <condition number="62" type="jump" coverage="50%" />
                <condition number="99" type="jump" coverage="50%" />
                <condition number="141" type="jump" coverage="50%" />
              </conditions>
            </line>
            <line number="47" hits="21" branch="False" />
            <line number="48" hits="21" branch="False" />
            <line number="49" hits="21" branch="False" />
            <line number="50" hits="21" branch="False" />
            <line number="51" hits="21" branch="False" />
            <line number="52" hits="21" branch="False" />
            <line number="53" hits="21" branch="False" />
            <line number="54" hits="21" branch="False" />
            <line number="55" hits="21" branch="False" />
            <line number="56" hits="42" branch="False" />
            <line number="58" hits="21" branch="False" />
            <line number="59" hits="21" branch="False" />
            <line number="60" hits="21" branch="False" />
            <line number="61" hits="21" branch="False" />
            <line number="63" hits="21" branch="False" />
            <line number="65" hits="21" branch="False" />
            <line number="66" hits="21" branch="False" />
            <line number="67" hits="21" branch="False" />
            <line number="68" hits="21" branch="False" />
            <line number="69" hits="21" branch="False" />
            <line number="70" hits="21" branch="False" />
            <line number="71" hits="21" branch="False" />
            <line number="72" hits="21" branch="False" />
            <line number="73" hits="21" branch="False" />
            <line number="74" hits="21" branch="False" />
            <line number="75" hits="21" branch="False" />
            <line number="76" hits="21" branch="False" />
            <line number="77" hits="21" branch="False" />
            <line number="78" hits="21" branch="False" />
            <line number="79" hits="21" branch="False" />
            <line number="80" hits="21" branch="False" />
            <line number="81" hits="21" branch="False" />
            <line number="82" hits="21" branch="False" />
            <line number="83" hits="21" branch="False" />
            <line number="84" hits="21" branch="False" />
            <line number="85" hits="21" branch="False" />
            <line number="86" hits="21" branch="False" />
            <line number="87" hits="21" branch="False" />
            <line number="88" hits="21" branch="False" />
            <line number="89" hits="21" branch="False" />
            <line number="90" hits="21" branch="False" />
            <line number="91" hits="21" branch="False" />
            <line number="92" hits="21" branch="False" />
            <line number="93" hits="42" branch="False" />
            <line number="95" hits="21" branch="True" condition-coverage="100% (2/2)">
              <conditions>
                <condition number="236" type="jump" coverage="100%" />
              </conditions>
            </line>
            <line number="96" hits="21" branch="True" condition-coverage="100% (2/2)">
              <conditions>
                <condition number="272" type="jump" coverage="100%" />
              </conditions>
            </line>
            <line number="97" hits="21" branch="True" condition-coverage="50% (1/2)">
              <conditions>
                <condition number="303" type="jump" coverage="50%" />
              </conditions>
            </line>
            <line number="99" hits="21" branch="False" />
            <line number="100" hits="21" branch="False" />
            <line number="101" hits="21" branch="False" />
            <line number="102" hits="21" branch="False" />
            <line number="103" hits="21" branch="False" />
            <line number="104" hits="21" branch="False" />
            <line number="105" hits="21" branch="False" />
            <line number="106" hits="21" branch="False" />
            <line number="107" hits="21" branch="False" />
            <line number="108" hits="42" branch="False" />
            <line number="110" hits="21" branch="False" />
            <line number="111" hits="21" branch="True" condition-coverage="100% (2/2)">
              <conditions>
                <condition number="382" type="jump" coverage="100%" />
              </conditions>
            </line>
            <line number="112" hits="21" branch="True" condition-coverage="100% (2/2)">
              <conditions>
                <condition number="418" type="jump" coverage="100%" />
              </conditions>
            </line>
            <line number="114" hits="21" branch="False" />
            <line number="115" hits="21" branch="False" />
            <line number="116" hits="21" branch="True" condition-coverage="100% (2/2)">
              <conditions>
                <condition number="75" type="jump" coverage="100%" />
              </conditions>
            </line>
            <line number="117" hits="21" branch="False" />
            <line number="118" hits="63" branch="False" />
            <line number="119" hits="21" branch="False" />
            <line number="120" hits="21" branch="False" />
            <line number="121" hits="21" branch="False" />
            <line number="122" hits="21" branch="False" />
            <line number="123" hits="21" branch="True" condition-coverage="50% (1/2)">
              <conditions>
                <condition number="37" type="jump" coverage="50%" />
              </conditions>
            </line>
            <line number="124" hits="21" branch="False" />
            <line number="125" hits="21" branch="False" />
            <line number="126" hits="42" branch="False" />
            <line number="127" hits="42" branch="False" />
            <line number="129" hits="21" branch="False" />
            <line number="130" hits="75" branch="False" />
            <line number="132" hits="21" branch="False" />
            <line number="133" hits="21" branch="False" />
            <line number="134" hits="21" branch="False" />
            <line number="135" hits="21" branch="False" />
            <line number="136" hits="21" branch="False" />
            <line number="139" hits="21" branch="False" />
            <line number="141" hits="21" branch="False" />
            <line number="143" hits="21" branch="True" condition-coverage="100% (2/2)">
              <conditions>
                <condition number="637" type="jump" coverage="100%" />
              </conditions>
            </line>
            <line number="144" hits="21" branch="False" />
            <line number="145" hits="21" branch="False" />
            <line number="146" hits="21" branch="False" />
            <line number="147" hits="21" branch="False" />
            <line number="149" hits="21" branch="False" />
            <line number="150" hits="21" branch="False" />
            <line number="151" hits="21" branch="False" />
            <line number="152" hits="21" branch="False" />
            <line number="153" hits="21" branch="False" />
            <line number="154" hits="21" branch="False" />
            <line number="155" hits="21" branch="False" />
          </lines>
        </class>
        <class name="MySvelteApp.Server.Presentation.Models.Auth.AuthErrorResponse" filename="Presentation/Models/Auth/AuthErrorResponse.cs" line-rate="1" branch-rate="1" complexity="1">
          <methods>
            <method name="get_Message" signature="()" line-rate="1" branch-rate="1" complexity="1">
              <lines>
                <line number="5" hits="117" branch="False" />
              </lines>
            </method>
          </methods>
          <lines>
            <line number="5" hits="117" branch="False" />
          </lines>
        </class>
        <class name="MySvelteApp.Server.Presentation.Models.Auth.AuthSuccessResponse" filename="Presentation/Models/Auth/AuthSuccessResponse.cs" line-rate="1" branch-rate="1" complexity="3">
          <methods>
            <method name="get_Token" signature="()" line-rate="1" branch-rate="1" complexity="1">
              <lines>
                <line number="5" hits="76" branch="False" />
              </lines>
            </method>
            <method name="get_UserId" signature="()" line-rate="1" branch-rate="1" complexity="1">
              <lines>
                <line number="6" hits="41" branch="False" />
              </lines>
            </method>
            <method name="get_Username" signature="()" line-rate="1" branch-rate="1" complexity="1">
              <lines>
                <line number="7" hits="68" branch="False" />
              </lines>
            </method>
          </methods>
          <lines>
            <line number="5" hits="76" branch="False" />
            <line number="6" hits="41" branch="False" />
            <line number="7" hits="68" branch="False" />
          </lines>
        </class>
        <class name="MySvelteApp.Server.Presentation.Controllers.AuthController" filename="Presentation/Controllers/AuthController.cs" line-rate="1" branch-rate="0.75" complexity="5">
          <methods>
            <method name="ToErrorResponse" signature="(MySvelteApp.Server.Application.Authentication.DTOs.AuthResult)" line-rate="1" branch-rate="0.75" complexity="4">
              <lines>
                <line number="82" hits="20" branch="False" />
                <line number="83" hits="20" branch="True" condition-coverage="50% (1/2)">
                  <conditions>
                    <condition number="8" type="jump" coverage="50%" />
                  </conditions>
                </line>
                <line number="84" hits="20" branch="True" condition-coverage="100% (2/2)">
                  <conditions>
                    <condition number="30" type="jump" coverage="100%" />
                  </conditions>
                </line>
                <line number="85" hits="20" branch="False" />
                <line number="86" hits="2" branch="False" />
                <line number="87" hits="18" branch="False" />
                <line number="88" hits="20" branch="False" />
                <line number="89" hits="20" branch="False" />
              </lines>
            </method>
            <method name=".ctor" signature="(MySvelteApp.Server.Application.Authentication.IAuthService)" line-rate="1" branch-rate="1" complexity="1">
              <lines>
                <line number="15" hits="49" branch="False" />
                <line number="16" hits="49" branch="False" />
                <line number="17" hits="49" branch="False" />
                <line number="18" hits="49" branch="False" />
              </lines>
            </method>
          </methods>
          <lines>
            <line number="82" hits="20" branch="False" />
            <line number="83" hits="20" branch="True" condition-coverage="50% (1/2)">
              <conditions>
                <condition number="8" type="jump" coverage="50%" />
              </conditions>
            </line>
            <line number="84" hits="20" branch="True" condition-coverage="100% (2/2)">
              <conditions>
                <condition number="30" type="jump" coverage="100%" />
              </conditions>
            </line>
            <line number="85" hits="20" branch="False" />
            <line number="86" hits="2" branch="False" />
            <line number="87" hits="18" branch="False" />
            <line number="88" hits="20" branch="False" />
            <line number="89" hits="20" branch="False" />
            <line number="15" hits="49" branch="False" />
            <line number="16" hits="49" branch="False" />
            <line number="17" hits="49" branch="False" />
            <line number="18" hits="49" branch="False" />
          </lines>
        </class>
        <class name="MySvelteApp.Server.Presentation.Controllers.AuthController/&lt;GetCurrentUser&gt;d__4" filename="Presentation/Controllers/AuthController.cs" line-rate="1" branch-rate="1" complexity="6">
          <methods>
            <method name="MoveNext" signature="()" line-rate="1" branch-rate="1" complexity="6">
              <lines>
                <line number="65" hits="10" branch="False" />
                <line number="66" hits="10" branch="False" />
                <line number="67" hits="10" branch="True" condition-coverage="100% (4/4)">
                  <conditions>
                    <condition number="51" type="jump" coverage="100%" />
                    <condition number="83" type="jump" coverage="100%" />
                  </conditions>
                </line>
                <line number="68" hits="2" branch="False" />
                <line number="69" hits="2" branch="False" />
                <line number="72" hits="8" branch="False" />
                <line number="73" hits="8" branch="True" condition-coverage="100% (2/2)">
                  <conditions>
                    <condition number="276" type="jump" coverage="100%" />
                  </conditions>
                </line>
                <line number="74" hits="1" branch="False" />
                <line number="75" hits="1" branch="False" />
                <line number="78" hits="7" branch="False" />
                <line number="79" hits="10" branch="False" />
              </lines>
            </method>
          </methods>
          <lines>
            <line number="65" hits="10" branch="False" />
            <line number="66" hits="10" branch="False" />
            <line number="67" hits="10" branch="True" condition-coverage="100% (4/4)">
              <conditions>
                <condition number="51" type="jump" coverage="100%" />
                <condition number="83" type="jump" coverage="100%" />
              </conditions>
            </line>
            <line number="68" hits="2" branch="False" />
            <line number="69" hits="2" branch="False" />
            <line number="72" hits="8" branch="False" />
            <line number="73" hits="8" branch="True" condition-coverage="100% (2/2)">
              <conditions>
                <condition number="276" type="jump" coverage="100%" />
              </conditions>
            </line>
            <line number="74" hits="1" branch="False" />
            <line number="75" hits="1" branch="False" />
            <line number="78" hits="7" branch="False" />
            <line number="79" hits="10" branch="False" />
          </lines>
        </class>
        <class name="MySvelteApp.Server.Presentation.Controllers.AuthController/&lt;Login&gt;d__3" filename="Presentation/Controllers/AuthController.cs" line-rate="1" branch-rate="0.8332999999999999" complexity="6">
          <methods>
            <method name="MoveNext" signature="()" line-rate="1" branch-rate="0.8332999999999999" complexity="6">
              <lines>
                <line number="46" hits="13" branch="False" />
                <line number="47" hits="13" branch="False" />
                <line number="48" hits="13" branch="True" condition-coverage="100% (2/2)">
                  <conditions>
                    <condition number="175" type="jump" coverage="100%" />
                  </conditions>
                </line>
                <line number="49" hits="7" branch="False" />
                <line number="50" hits="7" branch="False" />
                <line number="53" hits="6" branch="True" condition-coverage="75% (3/4)">
                  <conditions>
                    <condition number="225" type="jump" coverage="50%" />
                    <condition number="279" type="jump" coverage="100%" />
                  </conditions>
                </line>
                <line number="54" hits="6" branch="False" />
                <line number="55" hits="6" branch="False" />
                <line number="56" hits="6" branch="False" />
                <line number="57" hits="6" branch="False" />
                <line number="58" hits="6" branch="False" />
                <line number="59" hits="13" branch="False" />
              </lines>
            </method>
          </methods>
          <lines>
            <line number="46" hits="13" branch="False" />
            <line number="47" hits="13" branch="False" />
            <line number="48" hits="13" branch="True" condition-coverage="100% (2/2)">
              <conditions>
                <condition number="175" type="jump" coverage="100%" />
              </conditions>
            </line>
            <line number="49" hits="7" branch="False" />
            <line number="50" hits="7" branch="False" />
            <line number="53" hits="6" branch="True" condition-coverage="75% (3/4)">
              <conditions>
                <condition number="225" type="jump" coverage="50%" />
                <condition number="279" type="jump" coverage="100%" />
              </conditions>
            </line>
            <line number="54" hits="6" branch="False" />
            <line number="55" hits="6" branch="False" />
            <line number="56" hits="6" branch="False" />
            <line number="57" hits="6" branch="False" />
            <line number="58" hits="6" branch="False" />
            <line number="59" hits="13" branch="False" />
          </lines>
        </class>
        <class name="MySvelteApp.Server.Presentation.Controllers.AuthController/&lt;Register&gt;d__2" filename="Presentation/Controllers/AuthController.cs" line-rate="1" branch-rate="0.8332999999999999" complexity="6">
          <methods>
            <method name="MoveNext" signature="()" line-rate="1" branch-rate="0.8332999999999999" complexity="6">
              <lines>
                <line number="25" hits="22" branch="False" />
                <line number="26" hits="22" branch="False" />
                <line number="27" hits="22" branch="True" condition-coverage="100% (2/2)">
                  <conditions>
                    <condition number="175" type="jump" coverage="100%" />
                  </conditions>
                </line>
                <line number="28" hits="13" branch="False" />
                <line number="29" hits="13" branch="False" />
                <line number="32" hits="9" branch="True" condition-coverage="75% (3/4)">
                  <conditions>
                    <condition number="225" type="jump" coverage="100%" />
                    <condition number="279" type="jump" coverage="50%" />
                  </conditions>
                </line>
                <line number="33" hits="9" branch="False" />
                <line number="34" hits="9" branch="False" />
                <line number="35" hits="9" branch="False" />
                <line number="36" hits="9" branch="False" />
                <line number="37" hits="9" branch="False" />
                <line number="38" hits="22" branch="False" />
              </lines>
            </method>
          </methods>
          <lines>
            <line number="25" hits="22" branch="False" />
            <line number="26" hits="22" branch="False" />
            <line number="27" hits="22" branch="True" condition-coverage="100% (2/2)">
              <conditions>
                <condition number="175" type="jump" coverage="100%" />
              </conditions>
            </line>
            <line number="28" hits="13" branch="False" />
            <line number="29" hits="13" branch="False" />
            <line number="32" hits="9" branch="True" condition-coverage="75% (3/4)">
              <conditions>
                <condition number="225" type="jump" coverage="100%" />
                <condition number="279" type="jump" coverage="50%" />
              </conditions>
            </line>
            <line number="33" hits="9" branch="False" />
            <line number="34" hits="9" branch="False" />
            <line number="35" hits="9" branch="False" />
            <line number="36" hits="9" branch="False" />
            <line number="37" hits="9" branch="False" />
            <line number="38" hits="22" branch="False" />
          </lines>
        </class>
        <class name="MySvelteApp.Server.Presentation.Controllers.RandomPokemonController" filename="Presentation/Controllers/RandomPokemonController.cs" line-rate="0" branch-rate="1" complexity="1">
          <methods>
            <method name=".ctor" signature="(MySvelteApp.Server.Application.Pokemon.IRandomPokemonService)" line-rate="0" branch-rate="1" complexity="1">
              <lines>
                <line number="14" hits="0" branch="False" />
                <line number="15" hits="0" branch="False" />
                <line number="16" hits="0" branch="False" />
                <line number="17" hits="0" branch="False" />
              </lines>
            </method>
          </methods>
          <lines>
            <line number="14" hits="0" branch="False" />
            <line number="15" hits="0" branch="False" />
            <line number="16" hits="0" branch="False" />
            <line number="17" hits="0" branch="False" />
          </lines>
        </class>
        <class name="MySvelteApp.Server.Presentation.Controllers.RandomPokemonController/&lt;Get&gt;d__2" filename="Presentation/Controllers/RandomPokemonController.cs" line-rate="0" branch-rate="1" complexity="1">
          <methods>
            <method name="MoveNext" signature="()" line-rate="0" branch-rate="1" complexity="1">
              <lines>
                <line number="23" hits="0" branch="False" />
                <line number="24" hits="0" branch="False" />
                <line number="25" hits="0" branch="False" />
                <line number="26" hits="0" branch="False" />
              </lines>
            </method>
          </methods>
          <lines>
            <line number="23" hits="0" branch="False" />
            <line number="24" hits="0" branch="False" />
            <line number="25" hits="0" branch="False" />
            <line number="26" hits="0" branch="False" />
          </lines>
        </class>
        <class name="MySvelteApp.Server.Presentation.Controllers.TestAuthController" filename="Presentation/Controllers/TestAuthController.cs" line-rate="0" branch-rate="1" complexity="1">
          <methods>
            <method name="Get" signature="()" line-rate="0" branch-rate="1" complexity="1">
              <lines>
                <line number="11" hits="0" branch="False" />
                <line number="12" hits="0" branch="False" />
                <line number="13" hits="0" branch="False" />
              </lines>
            </method>
          </methods>
          <lines>
            <line number="11" hits="0" branch="False" />
            <line number="12" hits="0" branch="False" />
            <line number="13" hits="0" branch="False" />
          </lines>
        </class>
        <class name="MySvelteApp.Server.Infrastructure.Security.PasswordHasher" filename="Infrastructure/Security/PasswordHasher.cs" line-rate="1" branch-rate="1" complexity="2">
          <methods>
            <method name="HashPassword" signature="(System.String)" line-rate="1" branch-rate="1" complexity="1">
              <lines>
                <line number="10" hits="37" branch="False" />
                <line number="11" hits="37" branch="False" />
                <line number="12" hits="37" branch="False" />
                <line number="13" hits="37" branch="False" />
                <line number="14" hits="37" branch="False" />
              </lines>
            </method>
            <method name="VerifyPassword" signature="(System.String,System.String,System.String)" line-rate="1" branch-rate="1" complexity="1">
              <lines>
                <line number="17" hits="29" branch="False" />
                <line number="19" hits="29" branch="False" />
                <line number="20" hits="29" branch="False" />
                <line number="21" hits="26" branch="False" />
                <line number="22" hits="26" branch="False" />
                <line number="23" hits="26" branch="False" />
                <line number="24" hits="23" branch="False" />
                <line number="26" hits="4" branch="False" />
                <line number="27" hits="4" branch="False" />
                <line number="28" hits="4" branch="False" />
                <line number="30" hits="27" branch="False" />
              </lines>
            </method>
          </methods>
          <lines>
            <line number="10" hits="37" branch="False" />
            <line number="11" hits="37" branch="False" />
            <line number="12" hits="37" branch="False" />
            <line number="13" hits="37" branch="False" />
            <line number="14" hits="37" branch="False" />
            <line number="17" hits="29" branch="False" />
            <line number="19" hits="29" branch="False" />
            <line number="20" hits="29" branch="False" />
            <line number="21" hits="26" branch="False" />
            <line number="22" hits="26" branch="False" />
            <line number="23" hits="26" branch="False" />
            <line number="24" hits="23" branch="False" />
            <line number="26" hits="4" branch="False" />
            <line number="27" hits="4" branch="False" />
            <line number="28" hits="4" branch="False" />
            <line number="30" hits="27" branch="False" />
          </lines>
        </class>
        <class name="MySvelteApp.Server.Infrastructure.Persistence.AppDbContext" filename="Infrastructure/Persistence/AppDbContext.cs" line-rate="1" branch-rate="1" complexity="2">
          <methods>
            <method name="get_Users" signature="()" line-rate="1" branch-rate="1" complexity="1">
              <lines>
                <line number="12" hits="72" branch="False" />
              </lines>
            </method>
            <method name=".ctor" signature="(Microsoft.EntityFrameworkCore.DbContextOptions`1&lt;MySvelteApp.Server.Infrastructure.Persistence.AppDbContext&gt;)" line-rate="1" branch-rate="1" complexity="1">
              <lines>
                <line number="8" hits="71" branch="False" />
                <line number="9" hits="71" branch="False" />
                <line number="10" hits="71" branch="False" />
              </lines>
            </method>
          </methods>
          <lines>
            <line number="12" hits="72" branch="False" />
            <line number="8" hits="71" branch="False" />
            <line number="9" hits="71" branch="False" />
            <line number="10" hits="71" branch="False" />
          </lines>
        </class>
        <class name="MySvelteApp.Server.Infrastructure.Persistence.Repositories.UserRepository" filename="Infrastructure/Persistence/Repositories/UserRepository.cs" line-rate="1" branch-rate="1" complexity="1">
          <methods>
            <method name=".ctor" signature="(MySvelteApp.Server.Infrastructure.Persistence.AppDbContext)" line-rate="1" branch-rate="1" complexity="1">
              <lines>
                <line number="11" hits="49" branch="False" />
                <line number="12" hits="49" branch="False" />
                <line number="13" hits="49" branch="False" />
                <line number="14" hits="49" branch="False" />
              </lines>
            </method>
          </methods>
          <lines>
            <line number="11" hits="49" branch="False" />
            <line number="12" hits="49" branch="False" />
            <line number="13" hits="49" branch="False" />
            <line number="14" hits="49" branch="False" />
          </lines>
        </class>
        <class name="MySvelteApp.Server.Infrastructure.Persistence.Repositories.UserRepository/&lt;AddAsync&gt;d__6" filename="Infrastructure/Persistence/Repositories/UserRepository.cs" line-rate="1" branch-rate="1" complexity="1">
          <methods>
            <method name="MoveNext" signature="()" line-rate="1" branch-rate="1" complexity="1">
              <lines>
                <line number="37" hits="14" branch="False" />
                <line number="38" hits="14" branch="False" />
                <line number="39" hits="14" branch="False" />
                <line number="40" hits="14" branch="False" />
              </lines>
            </method>
          </methods>
          <lines>
            <line number="37" hits="14" branch="False" />
            <line number="38" hits="14" branch="False" />
            <line number="39" hits="14" branch="False" />
            <line number="40" hits="14" branch="False" />
          </lines>
        </class>
        <class name="MySvelteApp.Server.Infrastructure.Persistence.Repositories.UserRepository/&lt;EmailExistsAsync&gt;d__5" filename="Infrastructure/Persistence/Repositories/UserRepository.cs" line-rate="1" branch-rate="1" complexity="1">
          <methods>
            <method name="MoveNext" signature="()" line-rate="1" branch-rate="1" complexity="1">
              <lines>
                <line number="32" hits="13" branch="False" />
                <line number="33" hits="13" branch="False" />
                <line number="34" hits="13" branch="False" />
              </lines>
            </method>
          </methods>
          <lines>
            <line number="32" hits="13" branch="False" />
            <line number="33" hits="13" branch="False" />
            <line number="34" hits="13" branch="False" />
          </lines>
        </class>
        <class name="MySvelteApp.Server.Infrastructure.Persistence.Repositories.UserRepository/&lt;GetByIdAsync&gt;d__3" filename="Infrastructure/Persistence/Repositories/UserRepository.cs" line-rate="1" branch-rate="1" complexity="1">
          <methods>
            <method name="MoveNext" signature="()" line-rate="1" branch-rate="1" complexity="1">
              <lines>
                <line number="22" hits="13" branch="False" />
                <line number="23" hits="13" branch="False" />
                <line number="24" hits="13" branch="False" />
              </lines>
            </method>
          </methods>
          <lines>
            <line number="22" hits="13" branch="False" />
            <line number="23" hits="13" branch="False" />
            <line number="24" hits="13" branch="False" />
          </lines>
        </class>
        <class name="MySvelteApp.Server.Infrastructure.Persistence.Repositories.UserRepository/&lt;GetByUsernameAsync&gt;d__2" filename="Infrastructure/Persistence/Repositories/UserRepository.cs" line-rate="1" branch-rate="1" complexity="1">
          <methods>
            <method name="MoveNext" signature="()" line-rate="1" branch-rate="1" complexity="1">
              <lines>
                <line number="17" hits="9" branch="False" />
                <line number="18" hits="9" branch="False" />
                <line number="19" hits="9" branch="False" />
              </lines>
            </method>
          </methods>
          <lines>
            <line number="17" hits="9" branch="False" />
            <line number="18" hits="9" branch="False" />
            <line number="19" hits="9" branch="False" />
          </lines>
        </class>
        <class name="MySvelteApp.Server.Infrastructure.Persistence.Repositories.UserRepository/&lt;UsernameExistsAsync&gt;d__4" filename="Infrastructure/Persistence/Repositories/UserRepository.cs" line-rate="1" branch-rate="1" complexity="1">
          <methods>
            <method name="MoveNext" signature="()" line-rate="1" branch-rate="1" complexity="1">
              <lines>
                <line number="27" hits="13" branch="False" />
                <line number="28" hits="13" branch="False" />
                <line number="29" hits="13" branch="False" />
              </lines>
            </method>
          </methods>
          <lines>
            <line number="27" hits="13" branch="False" />
            <line number="28" hits="13" branch="False" />
            <line number="29" hits="13" branch="False" />
          </lines>
        </class>
        <class name="MySvelteApp.Server.Infrastructure.External.PokeApiRandomPokemonService" filename="Infrastructure/External/PokeApiRandomPokemonService.cs" line-rate="0" branch-rate="1" complexity="1">
          <methods>
            <method name=".ctor" signature="(System.Net.Http.HttpClient)" line-rate="0" branch-rate="1" complexity="1">
              <lines>
                <line number="12" hits="0" branch="False" />
                <line number="13" hits="0" branch="False" />
                <line number="14" hits="0" branch="False" />
                <line number="15" hits="0" branch="False" />
              </lines>
            </method>
          </methods>
          <lines>
            <line number="12" hits="0" branch="False" />
            <line number="13" hits="0" branch="False" />
            <line number="14" hits="0" branch="False" />
            <line number="15" hits="0" branch="False" />
          </lines>
        </class>
        <class name="MySvelteApp.Server.Infrastructure.External.PokeApiRandomPokemonService/PokeApiResponse" filename="Infrastructure/External/PokeApiRandomPokemonService.cs" line-rate="0" branch-rate="1" complexity="3">
          <methods>
            <method name="get_name" signature="()" line-rate="0" branch-rate="1" complexity="1">
              <lines>
                <line number="51" hits="0" branch="False" />
              </lines>
            </method>
            <method name="get_types" signature="()" line-rate="0" branch-rate="1" complexity="1">
              <lines>
                <line number="52" hits="0" branch="False" />
              </lines>
            </method>
            <method name="get_sprites" signature="()" line-rate="0" branch-rate="1" complexity="1">
              <lines>
                <line number="53" hits="0" branch="False" />
              </lines>
            </method>
          </methods>
          <lines>
            <line number="51" hits="0" branch="False" />
            <line number="52" hits="0" branch="False" />
            <line number="53" hits="0" branch="False" />
          </lines>
        </class>
        <class name="MySvelteApp.Server.Infrastructure.External.PokeApiRandomPokemonService/PokeApiType" filename="Infrastructure/External/PokeApiRandomPokemonService.cs" line-rate="0" branch-rate="1" complexity="1">
          <methods>
            <method name="get_type" signature="()" line-rate="0" branch-rate="1" complexity="1">
              <lines>
                <line number="58" hits="0" branch="False" />
              </lines>
            </method>
          </methods>
          <lines>
            <line number="58" hits="0" branch="False" />
          </lines>
        </class>
        <class name="MySvelteApp.Server.Infrastructure.External.PokeApiRandomPokemonService/TypeInfo" filename="Infrastructure/External/PokeApiRandomPokemonService.cs" line-rate="0" branch-rate="1" complexity="1">
          <methods>
            <method name="get_name" signature="()" line-rate="0" branch-rate="1" complexity="1">
              <lines>
                <line number="63" hits="0" branch="False" />
              </lines>
            </method>
          </methods>
          <lines>
            <line number="63" hits="0" branch="False" />
          </lines>
        </class>
        <class name="MySvelteApp.Server.Infrastructure.External.PokeApiRandomPokemonService/PokeApiSprites" filename="Infrastructure/External/PokeApiRandomPokemonService.cs" line-rate="0" branch-rate="1" complexity="1">
          <methods>
            <method name="get_front_default" signature="()" line-rate="0" branch-rate="1" complexity="1">
              <lines>
                <line number="68" hits="0" branch="False" />
              </lines>
            </method>
          </methods>
          <lines>
            <line number="68" hits="0" branch="False" />
          </lines>
        </class>
        <class name="MySvelteApp.Server.Infrastructure.External.PokeApiRandomPokemonService/&lt;&gt;c" filename="Infrastructure/External/PokeApiRandomPokemonService.cs" line-rate="0" branch-rate="1" complexity="1">
          <methods>
            <method name="&lt;GetRandomPokemonAsync&gt;b__3_0" signature="(MySvelteApp.Server.Infrastructure.External.PokeApiRandomPokemonService/PokeApiType)" line-rate="0" branch-rate="1" complexity="1">
              <lines>
                <line number="35" hits="0" branch="False" />
              </lines>
            </method>
          </methods>
          <lines>
            <line number="35" hits="0" branch="False" />
          </lines>
        </class>
        <class name="MySvelteApp.Server.Infrastructure.External.PokeApiRandomPokemonService/&lt;GetPokemonCountAsync&gt;d__4" filename="Infrastructure/External/PokeApiRandomPokemonService.cs" line-rate="0" branch-rate="0" complexity="4">
          <methods>
            <method name="MoveNext" signature="()" line-rate="0" branch-rate="0" complexity="4">
              <lines>
                <line number="41" hits="0" branch="True" condition-coverage="0% (0/2)">
                  <conditions>
                    <condition number="16" type="jump" coverage="0%" />
                  </conditions>
                </line>
                <line number="42" hits="0" branch="False" />
                <line number="43" hits="0" branch="False" />
                <line number="44" hits="0" branch="False" />
                <line number="45" hits="0" branch="False" />
                <line number="46" hits="0" branch="True" condition-coverage="0% (0/2)">
                  <conditions>
                    <condition number="620" type="jump" coverage="0%" />
                  </conditions>
                </line>
                <line number="47" hits="0" branch="False" />
              </lines>
            </method>
          </methods>
          <lines>
            <line number="41" hits="0" branch="True" condition-coverage="0% (0/2)">
              <conditions>
                <condition number="16" type="jump" coverage="0%" />
              </conditions>
            </line>
            <line number="42" hits="0" branch="False" />
            <line number="43" hits="0" branch="False" />
            <line number="44" hits="0" branch="False" />
            <line number="45" hits="0" branch="False" />
            <line number="46" hits="0" branch="True" condition-coverage="0% (0/2)">
              <conditions>
                <condition number="620" type="jump" coverage="0%" />
              </conditions>
            </line>
            <line number="47" hits="0" branch="False" />
          </lines>
        </class>
        <class name="MySvelteApp.Server.Infrastructure.External.PokeApiRandomPokemonService/&lt;GetRandomPokemonAsync&gt;d__3" filename="Infrastructure/External/PokeApiRandomPokemonService.cs" line-rate="0" branch-rate="0" complexity="4">
          <methods>
            <method name="MoveNext" signature="()" line-rate="0" branch-rate="0" complexity="4">
              <lines>
                <line number="18" hits="0" branch="False" />
                <line number="19" hits="0" branch="False" />
                <line number="20" hits="0" branch="False" />
                <line number="21" hits="0" branch="False" />
                <line number="23" hits="0" branch="False" />
                <line number="24" hits="0" branch="False" />
                <line number="25" hits="0" branch="False" />
                <line number="26" hits="0" branch="False" />
                <line number="27" hits="0" branch="True" condition-coverage="0% (0/2)">
                  <conditions>
                    <condition number="752" type="jump" coverage="0%" />
                  </conditions>
                </line>
                <line number="28" hits="0" branch="False" />
                <line number="29" hits="0" branch="False" />
                <line number="32" hits="0" branch="True" condition-coverage="0% (0/2)">
                  <conditions>
                    <condition number="911" type="jump" coverage="0%" />
                  </conditions>
                </line>
                <line number="33" hits="0" branch="False" />
                <line number="34" hits="0" branch="False" />
                <line number="36" hits="0" branch="False" />
                <line number="37" hits="0" branch="False" />
                <line number="38" hits="0" branch="False" />
              </lines>
            </method>
          </methods>
          <lines>
            <line number="18" hits="0" branch="False" />
            <line number="19" hits="0" branch="False" />
            <line number="20" hits="0" branch="False" />
            <line number="21" hits="0" branch="False" />
            <line number="23" hits="0" branch="False" />
            <line number="24" hits="0" branch="False" />
            <line number="25" hits="0" branch="False" />
            <line number="26" hits="0" branch="False" />
            <line number="27" hits="0" branch="True" condition-coverage="0% (0/2)">
              <conditions>
                <condition number="752" type="jump" coverage="0%" />
              </conditions>
            </line>
            <line number="28" hits="0" branch="False" />
            <line number="29" hits="0" branch="False" />
            <line number="32" hits="0" branch="True" condition-coverage="0% (0/2)">
              <conditions>
                <condition number="911" type="jump" coverage="0%" />
              </conditions>
            </line>
            <line number="33" hits="0" branch="False" />
            <line number="34" hits="0" branch="False" />
            <line number="36" hits="0" branch="False" />
            <line number="37" hits="0" branch="False" />
            <line number="38" hits="0" branch="False" />
          </lines>
        </class>
        <class name="MySvelteApp.Server.Infrastructure.Authentication.JwtTokenGenerator" filename="Infrastructure/Authentication/JwtTokenGenerator.cs" line-rate="1" branch-rate="0.8332999999999999" complexity="7">
          <methods>
            <method name="GenerateToken" signature="(MySvelteApp.Server.Domain.Entities.User)" line-rate="1" branch-rate="0.8332999999999999" complexity="6">
              <lines>
                <line number="20" hits="30" branch="False" />
                <line number="21" hits="30" branch="True" condition-coverage="50% (1/2)">
                  <conditions>
                    <condition number="23" type="jump" coverage="50%" />
                  </conditions>
                </line>
                <line number="22" hits="30" branch="False" />
                <line number="24" hits="30" branch="False" />
                <line number="25" hits="30" branch="False" />
                <line number="26" hits="30" branch="False" />
                <line number="27" hits="30" branch="False" />
                <line number="28" hits="30" branch="False" />
                <line number="29" hits="30" branch="False" />
                <line number="31" hits="30" branch="True" condition-coverage="100% (4/4)">
                  <conditions>
                    <condition number="158" type="jump" coverage="100%" />
                    <condition number="183" type="jump" coverage="100%" />
                  </conditions>
                </line>
                <line number="32" hits="30" branch="False" />
                <line number="33" hits="30" branch="False" />
                <line number="34" hits="30" branch="False" />
                <line number="35" hits="30" branch="False" />
                <line number="36" hits="30" branch="False" />
                <line number="38" hits="30" branch="False" />
                <line number="39" hits="30" branch="False" />
              </lines>
            </method>
            <method name=".ctor" signature="(Microsoft.Extensions.Configuration.IConfiguration)" line-rate="1" branch-rate="1" complexity="1">
              <lines>
                <line number="14" hits="51" branch="False" />
                <line number="15" hits="51" branch="False" />
                <line number="16" hits="51" branch="False" />
                <line number="17" hits="51" branch="False" />
              </lines>
            </method>
          </methods>
          <lines>
            <line number="20" hits="30" branch="False" />
            <line number="21" hits="30" branch="True" condition-coverage="50% (1/2)">
              <conditions>
                <condition number="23" type="jump" coverage="50%" />
              </conditions>
            </line>
            <line number="22" hits="30" branch="False" />
            <line number="24" hits="30" branch="False" />
            <line number="25" hits="30" branch="False" />
            <line number="26" hits="30" branch="False" />
            <line number="27" hits="30" branch="False" />
            <line number="28" hits="30" branch="False" />
            <line number="29" hits="30" branch="False" />
            <line number="31" hits="30" branch="True" condition-coverage="100% (4/4)">
              <conditions>
                <condition number="158" type="jump" coverage="100%" />
                <condition number="183" type="jump" coverage="100%" />
              </conditions>
            </line>
            <line number="32" hits="30" branch="False" />
            <line number="33" hits="30" branch="False" />
            <line number="34" hits="30" branch="False" />
            <line number="35" hits="30" branch="False" />
            <line number="36" hits="30" branch="False" />
            <line number="38" hits="30" branch="False" />
            <line number="39" hits="30" branch="False" />
            <line number="14" hits="51" branch="False" />
            <line number="15" hits="51" branch="False" />
            <line number="16" hits="51" branch="False" />
            <line number="17" hits="51" branch="False" />
          </lines>
        </class>
        <class name="MySvelteApp.Server.Domain.Entities.User" filename="Domain/Entities/User.cs" line-rate="1" branch-rate="1" complexity="5">
          <methods>
            <method name="get_Id" signature="()" line-rate="1" branch-rate="1" complexity="1">
              <lines>
                <line number="5" hits="82" branch="False" />
              </lines>
            </method>
            <method name="get_Username" signature="()" line-rate="1" branch-rate="1" complexity="1">
              <lines>
                <line number="6" hits="169" branch="False" />
              </lines>
            </method>
            <method name="get_Email" signature="()" line-rate="1" branch-rate="1" complexity="1">
              <lines>
                <line number="7" hits="122" branch="False" />
              </lines>
            </method>
            <method name="get_PasswordHash" signature="()" line-rate="1" branch-rate="1" complexity="1">
              <lines>
                <line number="8" hits="96" branch="False" />
              </lines>
            </method>
            <method name="get_PasswordSalt" signature="()" line-rate="1" branch-rate="1" complexity="1">
              <lines>
                <line number="9" hits="96" branch="False" />
              </lines>
            </method>
          </methods>
          <lines>
            <line number="5" hits="82" branch="False" />
            <line number="6" hits="169" branch="False" />
            <line number="7" hits="122" branch="False" />
            <line number="8" hits="96" branch="False" />
            <line number="9" hits="96" branch="False" />
          </lines>
        </class>
        <class name="MySvelteApp.Server.Application.Pokemon.DTOs.RandomPokemonDto" filename="Application/Pokemon/DTOs/RandomPokemonDto.cs" line-rate="0" branch-rate="1" complexity="3">
          <methods>
            <method name="get_Name" signature="()" line-rate="0" branch-rate="1" complexity="1">
              <lines>
                <line number="5" hits="0" branch="False" />
              </lines>
            </method>
            <method name="get_Type" signature="()" line-rate="0" branch-rate="1" complexity="1">
              <lines>
                <line number="6" hits="0" branch="False" />
              </lines>
            </method>
            <method name="get_Image" signature="()" line-rate="0" branch-rate="1" complexity="1">
              <lines>
                <line number="7" hits="0" branch="False" />
              </lines>
            </method>
          </methods>
          <lines>
            <line number="5" hits="0" branch="False" />
            <line number="6" hits="0" branch="False" />
            <line number="7" hits="0" branch="False" />
          </lines>
        </class>
        <class name="MySvelteApp.Server.Application.Authentication.AuthService" filename="Application/Authentication/AuthService.cs" line-rate="1" branch-rate="1" complexity="24">
          <methods>
            <method name="ValidateRegisterRequest" signature="(MySvelteApp.Server.Application.Authentication.DTOs.RegisterRequest)" line-rate="1" branch-rate="1" complexity="16">
              <lines>
                <line number="106" hits="36" branch="False" />
                <line number="107" hits="36" branch="True" condition-coverage="100% (2/2)">
                  <conditions>
                    <condition number="14" type="jump" coverage="100%" />
                  </conditions>
                </line>
                <line number="108" hits="3" branch="False" />
                <line number="109" hits="3" branch="False" />
                <line number="112" hits="33" branch="True" condition-coverage="100% (2/2)">
                  <conditions>
                    <condition number="55" type="jump" coverage="100%" />
                  </conditions>
                </line>
                <line number="113" hits="2" branch="False" />
                <line number="114" hits="2" branch="False" />
                <line number="117" hits="31" branch="True" condition-coverage="100% (2/2)">
                  <conditions>
                    <condition number="101" type="jump" coverage="100%" />
                  </conditions>
                </line>
                <line number="118" hits="1" branch="False" />
                <line number="119" hits="1" branch="False" />
                <line number="122" hits="30" branch="True" condition-coverage="100% (2/2)">
                  <conditions>
                    <condition number="141" type="jump" coverage="100%" />
                  </conditions>
                </line>
                <line number="123" hits="3" branch="False" />
                <line number="124" hits="3" branch="False" />
                <line number="127" hits="27" branch="True" condition-coverage="100% (2/2)">
                  <conditions>
                    <condition number="189" type="jump" coverage="100%" />
                  </conditions>
                </line>
                <line number="128" hits="4" branch="False" />
                <line number="129" hits="4" branch="False" />
                <line number="132" hits="23" branch="True" condition-coverage="100% (2/2)">
                  <conditions>
                    <condition number="229" type="jump" coverage="100%" />
                  </conditions>
                </line>
                <line number="133" hits="3" branch="False" />
                <line number="134" hits="3" branch="False" />
                <line number="137" hits="20" branch="True" condition-coverage="100% (2/2)">
                  <conditions>
                    <condition number="269" type="jump" coverage="100%" />
                  </conditions>
                </line>
                <line number="138" hits="2" branch="False" />
                <line number="139" hits="2" branch="False" />
                <line number="142" hits="18" branch="True" condition-coverage="100% (2/2)">
                  <conditions>
                    <condition number="314" type="jump" coverage="100%" />
                  </conditions>
                </line>
                <line number="143" hits="6" branch="False" />
                <line number="144" hits="6" branch="False" />
                <line number="147" hits="12" branch="False" />
                <line number="148" hits="36" branch="False" />
              </lines>
            </method>
            <method name="ValidateLoginRequest" signature="(MySvelteApp.Server.Application.Authentication.DTOs.LoginRequest)" line-rate="1" branch-rate="1" complexity="4">
              <lines>
                <line number="170" hits="18" branch="False" />
                <line number="171" hits="18" branch="True" condition-coverage="100% (2/2)">
                  <conditions>
                    <condition number="14" type="jump" coverage="100%" />
                  </conditions>
                </line>
                <line number="172" hits="5" branch="False" />
                <line number="173" hits="5" branch="False" />
                <line number="176" hits="13" branch="True" condition-coverage="100% (2/2)">
                  <conditions>
                    <condition number="49" type="jump" coverage="100%" />
                  </conditions>
                </line>
                <line number="177" hits="5" branch="False" />
                <line number="178" hits="5" branch="False" />
                <line number="181" hits="8" branch="False" />
                <line number="182" hits="18" branch="False" />
              </lines>
            </method>
            <method name="CreateError" signature="(System.String,MySvelteApp.Server.Application.Authentication.DTOs.AuthErrorType)" line-rate="1" branch-rate="1" complexity="1">
              <lines>
                <line number="185" hits="38" branch="False" />
                <line number="186" hits="38" branch="False" />
                <line number="187" hits="38" branch="False" />
                <line number="188" hits="38" branch="False" />
                <line number="189" hits="38" branch="False" />
                <line number="190" hits="38" branch="False" />
                <line number="191" hits="38" branch="False" />
                <line number="192" hits="38" branch="False" />
              </lines>
            </method>
            <method name="CreateUnauthorized" signature="()" line-rate="1" branch-rate="1" complexity="1">
              <lines>
                <line number="195" hits="3" branch="False" />
                <line number="196" hits="3" branch="False" />
                <line number="197" hits="3" branch="False" />
                <line number="198" hits="3" branch="False" />
                <line number="199" hits="3" branch="False" />
                <line number="200" hits="3" branch="False" />
                <line number="201" hits="3" branch="False" />
                <line number="202" hits="3" branch="False" />
              </lines>
            </method>
            <method name=".ctor" signature="(MySvelteApp.Server.Application.Common.Interfaces.IUserRepository,MySvelteApp.Server.Application.Common.Interfaces.IPasswordHasher,MySvelteApp.Server.Application.Common.Interfaces.IJwtTokenGenerator)" line-rate="1" branch-rate="1" complexity="1">
              <lines>
                <line number="18" hits="62" branch="False" />
                <line number="19" hits="62" branch="False" />
                <line number="20" hits="62" branch="False" />
                <line number="21" hits="62" branch="False" />
                <line number="22" hits="62" branch="False" />
                <line number="23" hits="62" branch="False" />
                <line number="24" hits="62" branch="False" />
                <line number="25" hits="62" branch="False" />
                <line number="26" hits="62" branch="False" />
              </lines>
            </method>
            <method name=".cctor" signature="()" line-rate="1" branch-rate="1" complexity="1">
              <lines>
                <line number="10" hits="1" branch="False" />
                <line number="11" hits="1" branch="False" />
                <line number="12" hits="1" branch="False" />
              </lines>
            </method>
          </methods>
          <lines>
            <line number="106" hits="36" branch="False" />
            <line number="107" hits="36" branch="True" condition-coverage="100% (2/2)">
              <conditions>
                <condition number="14" type="jump" coverage="100%" />
              </conditions>
            </line>
            <line number="108" hits="3" branch="False" />
            <line number="109" hits="3" branch="False" />
            <line number="112" hits="33" branch="True" condition-coverage="100% (2/2)">
              <conditions>
                <condition number="55" type="jump" coverage="100%" />
              </conditions>
            </line>
            <line number="113" hits="2" branch="False" />
            <line number="114" hits="2" branch="False" />
            <line number="117" hits="31" branch="True" condition-coverage="100% (2/2)">
              <conditions>
                <condition number="101" type="jump" coverage="100%" />
              </conditions>
            </line>
            <line number="118" hits="1" branch="False" />
            <line number="119" hits="1" branch="False" />
            <line number="122" hits="30" branch="True" condition-coverage="100% (2/2)">
              <conditions>
                <condition number="141" type="jump" coverage="100%" />
              </conditions>
            </line>
            <line number="123" hits="3" branch="False" />
            <line number="124" hits="3" branch="False" />
            <line number="127" hits="27" branch="True" condition-coverage="100% (2/2)">
              <conditions>
                <condition number="189" type="jump" coverage="100%" />
              </conditions>
            </line>
            <line number="128" hits="4" branch="False" />
            <line number="129" hits="4" branch="False" />
            <line number="132" hits="23" branch="True" condition-coverage="100% (2/2)">
              <conditions>
                <condition number="229" type="jump" coverage="100%" />
              </conditions>
            </line>
            <line number="133" hits="3" branch="False" />
            <line number="134" hits="3" branch="False" />
            <line number="137" hits="20" branch="True" condition-coverage="100% (2/2)">
              <conditions>
                <condition number="269" type="jump" coverage="100%" />
              </conditions>
            </line>
            <line number="138" hits="2" branch="False" />
            <line number="139" hits="2" branch="False" />
            <line number="142" hits="18" branch="True" condition-coverage="100% (2/2)">
              <conditions>
                <condition number="314" type="jump" coverage="100%" />
              </conditions>
            </line>
            <line number="143" hits="6" branch="False" />
            <line number="144" hits="6" branch="False" />
            <line number="147" hits="12" branch="False" />
            <line number="148" hits="36" branch="False" />
            <line number="170" hits="18" branch="False" />
            <line number="171" hits="18" branch="True" condition-coverage="100% (2/2)">
              <conditions>
                <condition number="14" type="jump" coverage="100%" />
              </conditions>
            </line>
            <line number="172" hits="5" branch="False" />
            <line number="173" hits="5" branch="False" />
            <line number="176" hits="13" branch="True" condition-coverage="100% (2/2)">
              <conditions>
                <condition number="49" type="jump" coverage="100%" />
              </conditions>
            </line>
            <line number="177" hits="5" branch="False" />
            <line number="178" hits="5" branch="False" />
            <line number="181" hits="8" branch="False" />
            <line number="182" hits="18" branch="False" />
            <line number="185" hits="38" branch="False" />
            <line number="186" hits="38" branch="False" />
            <line number="187" hits="38" branch="False" />
            <line number="188" hits="38" branch="False" />
            <line number="189" hits="38" branch="False" />
            <line number="190" hits="38" branch="False" />
            <line number="191" hits="38" branch="False" />
            <line number="192" hits="38" branch="False" />
            <line number="195" hits="3" branch="False" />
            <line number="196" hits="3" branch="False" />
            <line number="197" hits="3" branch="False" />
            <line number="198" hits="3" branch="False" />
            <line number="199" hits="3" branch="False" />
            <line number="200" hits="3" branch="False" />
            <line number="201" hits="3" branch="False" />
            <line number="202" hits="3" branch="False" />
            <line number="18" hits="62" branch="False" />
            <line number="19" hits="62" branch="False" />
            <line number="20" hits="62" branch="False" />
            <line number="21" hits="62" branch="False" />
            <line number="22" hits="62" branch="False" />
            <line number="23" hits="62" branch="False" />
            <line number="24" hits="62" branch="False" />
            <line number="25" hits="62" branch="False" />
            <line number="26" hits="62" branch="False" />
            <line number="10" hits="1" branch="False" />
            <line number="11" hits="1" branch="False" />
            <line number="12" hits="1" branch="False" />
          </lines>
        </class>
        <class name="MySvelteApp.Server.Application.Authentication.AuthService/&lt;GetCurrentUserAsync&gt;d__10" filename="Application/Authentication/AuthService.cs" line-rate="1" branch-rate="1" complexity="2">
          <methods>
            <method name="MoveNext" signature="()" line-rate="1" branch-rate="1" complexity="2">
              <lines>
                <line number="151" hits="8" branch="False" />
                <line number="152" hits="8" branch="False" />
                <line number="153" hits="8" branch="True" condition-coverage="100% (2/2)">
                  <conditions>
                    <condition number="170" type="jump" coverage="100%" />
                  </conditions>
                </line>
                <line number="154" hits="1" branch="False" />
                <line number="155" hits="1" branch="False" />
                <line number="158" hits="7" branch="False" />
                <line number="159" hits="7" branch="False" />
                <line number="160" hits="7" branch="False" />
                <line number="161" hits="7" branch="False" />
                <line number="162" hits="7" branch="False" />
                <line number="163" hits="7" branch="False" />
                <line number="164" hits="7" branch="False" />
                <line number="165" hits="7" branch="False" />
                <line number="166" hits="7" branch="False" />
                <line number="167" hits="8" branch="False" />
              </lines>
            </method>
          </methods>
          <lines>
            <line number="151" hits="8" branch="False" />
            <line number="152" hits="8" branch="False" />
            <line number="153" hits="8" branch="True" condition-coverage="100% (2/2)">
              <conditions>
                <condition number="170" type="jump" coverage="100%" />
              </conditions>
            </line>
            <line number="154" hits="1" branch="False" />
            <line number="155" hits="1" branch="False" />
            <line number="158" hits="7" branch="False" />
            <line number="159" hits="7" branch="False" />
            <line number="160" hits="7" branch="False" />
            <line number="161" hits="7" branch="False" />
            <line number="162" hits="7" branch="False" />
            <line number="163" hits="7" branch="False" />
            <line number="164" hits="7" branch="False" />
            <line number="165" hits="7" branch="False" />
            <line number="166" hits="7" branch="False" />
            <line number="167" hits="8" branch="False" />
          </lines>
        </class>
        <class name="MySvelteApp.Server.Application.Authentication.AuthService/&lt;LoginAsync&gt;d__8" filename="Application/Authentication/AuthService.cs" line-rate="1" branch-rate="1" complexity="6">
          <methods>
            <method name="MoveNext" signature="()" line-rate="1" branch-rate="1" complexity="6">
              <lines>
                <line number="73" hits="18" branch="False" />
                <line number="74" hits="18" branch="False" />
                <line number="75" hits="18" branch="True" condition-coverage="100% (2/2)">
                  <conditions>
                    <condition number="48" type="jump" coverage="100%" />
                  </conditions>
                </line>
                <line number="76" hits="10" branch="False" />
                <line number="77" hits="10" branch="False" />
                <line number="80" hits="8" branch="False" />
                <line number="81" hits="8" branch="False" />
                <line number="83" hits="8" branch="True" condition-coverage="100% (2/2)">
                  <conditions>
                    <condition number="272" type="jump" coverage="100%" />
                  </conditions>
                </line>
                <line number="84" hits="2" branch="False" />
                <line number="85" hits="2" branch="False" />
                <line number="88" hits="6" branch="False" />
                <line number="89" hits="6" branch="True" condition-coverage="100% (2/2)">
                  <conditions>
                    <condition number="354" type="jump" coverage="100%" />
                  </conditions>
                </line>
                <line number="90" hits="1" branch="False" />
                <line number="91" hits="1" branch="False" />
                <line number="94" hits="5" branch="False" />
                <line number="96" hits="5" branch="False" />
                <line number="97" hits="5" branch="False" />
                <line number="98" hits="5" branch="False" />
                <line number="99" hits="5" branch="False" />
                <line number="100" hits="5" branch="False" />
                <line number="101" hits="5" branch="False" />
                <line number="102" hits="5" branch="False" />
                <line number="103" hits="18" branch="False" />
              </lines>
            </method>
          </methods>
          <lines>
            <line number="73" hits="18" branch="False" />
            <line number="74" hits="18" branch="False" />
            <line number="75" hits="18" branch="True" condition-coverage="100% (2/2)">
              <conditions>
                <condition number="48" type="jump" coverage="100%" />
              </conditions>
            </line>
            <line number="76" hits="10" branch="False" />
            <line number="77" hits="10" branch="False" />
            <line number="80" hits="8" branch="False" />
            <line number="81" hits="8" branch="False" />
            <line number="83" hits="8" branch="True" condition-coverage="100% (2/2)">
              <conditions>
                <condition number="272" type="jump" coverage="100%" />
              </conditions>
            </line>
            <line number="84" hits="2" branch="False" />
            <line number="85" hits="2" branch="False" />
            <line number="88" hits="6" branch="False" />
            <line number="89" hits="6" branch="True" condition-coverage="100% (2/2)">
              <conditions>
                <condition number="354" type="jump" coverage="100%" />
              </conditions>
            </line>
            <line number="90" hits="1" branch="False" />
            <line number="91" hits="1" branch="False" />
            <line number="94" hits="5" branch="False" />
            <line number="96" hits="5" branch="False" />
            <line number="97" hits="5" branch="False" />
            <line number="98" hits="5" branch="False" />
            <line number="99" hits="5" branch="False" />
            <line number="100" hits="5" branch="False" />
            <line number="101" hits="5" branch="False" />
            <line number="102" hits="5" branch="False" />
            <line number="103" hits="18" branch="False" />
          </lines>
        </class>
        <class name="MySvelteApp.Server.Application.Authentication.AuthService/&lt;RegisterAsync&gt;d__7" filename="Application/Authentication/AuthService.cs" line-rate="1" branch-rate="1" complexity="6">
          <methods>
            <method name="MoveNext" signature="()" line-rate="1" branch-rate="1" complexity="6">
              <lines>
                <line number="29" hits="36" branch="False" />
                <line number="30" hits="36" branch="False" />
                <line number="31" hits="36" branch="True" condition-coverage="100% (2/2)">
                  <conditions>
                    <condition number="73" type="jump" coverage="100%" />
                  </conditions>
                </line>
                <line number="32" hits="24" branch="False" />
                <line number="33" hits="24" branch="False" />
                <line number="36" hits="12" branch="False" />
                <line number="37" hits="12" branch="False" />
                <line number="39" hits="12" branch="True" condition-coverage="100% (2/2)">
                  <conditions>
                    <condition number="303" type="jump" coverage="100%" />
                  </conditions>
                </line>
                <line number="40" hits="2" branch="False" />
                <line number="41" hits="2" branch="False" />
                <line number="44" hits="10" branch="True" condition-coverage="100% (2/2)">
                  <conditions>
                    <condition number="460" type="jump" coverage="100%" />
                  </conditions>
                </line>
                <line number="45" hits="2" branch="False" />
                <line number="46" hits="2" branch="False" />
                <line number="49" hits="8" branch="False" />
                <line number="51" hits="8" branch="False" />
                <line number="52" hits="8" branch="False" />
                <line number="53" hits="8" branch="False" />
                <line number="54" hits="8" branch="False" />
                <line number="55" hits="8" branch="False" />
                <line number="56" hits="8" branch="False" />
                <line number="57" hits="8" branch="False" />
                <line number="59" hits="8" branch="False" />
                <line number="61" hits="8" branch="False" />
                <line number="63" hits="8" branch="False" />
                <line number="64" hits="8" branch="False" />
                <line number="65" hits="8" branch="False" />
                <line number="66" hits="8" branch="False" />
                <line number="67" hits="8" branch="False" />
                <line number="68" hits="8" branch="False" />
                <line number="69" hits="8" branch="False" />
                <line number="70" hits="36" branch="False" />
              </lines>
            </method>
          </methods>
          <lines>
            <line number="29" hits="36" branch="False" />
            <line number="30" hits="36" branch="False" />
            <line number="31" hits="36" branch="True" condition-coverage="100% (2/2)">
              <conditions>
                <condition number="73" type="jump" coverage="100%" />
              </conditions>
            </line>
            <line number="32" hits="24" branch="False" />
            <line number="33" hits="24" branch="False" />
            <line number="36" hits="12" branch="False" />
            <line number="37" hits="12" branch="False" />
            <line number="39" hits="12" branch="True" condition-coverage="100% (2/2)">
              <conditions>
                <condition number="303" type="jump" coverage="100%" />
              </conditions>
            </line>
            <line number="40" hits="2" branch="False" />
            <line number="41" hits="2" branch="False" />
            <line number="44" hits="10" branch="True" condition-coverage="100% (2/2)">
              <conditions>
                <condition number="460" type="jump" coverage="100%" />
              </conditions>
            </line>
            <line number="45" hits="2" branch="False" />
            <line number="46" hits="2" branch="False" />
            <line number="49" hits="8" branch="False" />
            <line number="51" hits="8" branch="False" />
            <line number="52" hits="8" branch="False" />
            <line number="53" hits="8" branch="False" />
            <line number="54" hits="8" branch="False" />
            <line number="55" hits="8" branch="False" />
            <line number="56" hits="8" branch="False" />
            <line number="57" hits="8" branch="False" />
            <line number="59" hits="8" branch="False" />
            <line number="61" hits="8" branch="False" />
            <line number="63" hits="8" branch="False" />
            <line number="64" hits="8" branch="False" />
            <line number="65" hits="8" branch="False" />
            <line number="66" hits="8" branch="False" />
            <line number="67" hits="8" branch="False" />
            <line number="68" hits="8" branch="False" />
            <line number="69" hits="8" branch="False" />
            <line number="70" hits="36" branch="False" />
          </lines>
        </class>
        <class name="MySvelteApp.Server.Application.Authentication.DTOs.AuthResult" filename="Application/Authentication/DTOs/AuthResult.cs" line-rate="1" branch-rate="1" complexity="6">
          <methods>
            <method name="get_Success" signature="()" line-rate="1" branch-rate="1" complexity="1">
              <lines>
                <line number="5" hits="124" branch="False" />
              </lines>
            </method>
            <method name="get_ErrorMessage" signature="()" line-rate="1" branch-rate="1" complexity="1">
              <lines>
                <line number="6" hits="94" branch="False" />
              </lines>
            </method>
            <method name="get_UserId" signature="()" line-rate="1" branch-rate="1" complexity="1">
              <lines>
                <line number="7" hits="38" branch="False" />
              </lines>
            </method>
            <method name="get_Username" signature="()" line-rate="1" branch-rate="1" complexity="1">
              <lines>
                <line number="8" hits="37" branch="False" />
              </lines>
            </method>
            <method name="get_Token" signature="()" line-rate="1" branch-rate="1" complexity="1">
              <lines>
                <line number="9" hits="37" branch="False" />
              </lines>
            </method>
            <method name="get_ErrorType" signature="()" line-rate="1" branch-rate="1" complexity="1">
              <lines>
                <line number="10" hits="152" branch="False" />
              </lines>
            </method>
          </methods>
          <lines>
            <line number="5" hits="124" branch="False" />
            <line number="6" hits="94" branch="False" />
            <line number="7" hits="38" branch="False" />
            <line number="8" hits="37" branch="False" />
            <line number="9" hits="37" branch="False" />
            <line number="10" hits="152" branch="False" />
          </lines>
        </class>
        <class name="MySvelteApp.Server.Application.Authentication.DTOs.CurrentUserResponse" filename="Application/Authentication/DTOs/CurrentUserResponse.cs" line-rate="1" branch-rate="1" complexity="1">
          <methods>
            <method name="get_User" signature="()" line-rate="1" branch-rate="1" complexity="1">
              <lines>
                <line number="5" hits="52" branch="False" />
              </lines>
            </method>
          </methods>
          <lines>
            <line number="5" hits="52" branch="False" />
          </lines>
        </class>
        <class name="MySvelteApp.Server.Application.Authentication.DTOs.LoginRequest" filename="Application/Authentication/DTOs/LoginRequest.cs" line-rate="1" branch-rate="1" complexity="2">
          <methods>
            <method name="get_Username" signature="()" line-rate="1" branch-rate="1" complexity="1">
              <lines>
                <line number="5" hits="112" branch="False" />
              </lines>
            </method>
            <method name="get_Password" signature="()" line-rate="1" branch-rate="1" complexity="1">
              <lines>
                <line number="6" hits="103" branch="False" />
              </lines>
            </method>
          </methods>
          <lines>
            <line number="5" hits="112" branch="False" />
            <line number="6" hits="103" branch="False" />
          </lines>
        </class>
        <class name="MySvelteApp.Server.Application.Authentication.DTOs.RegisterRequest" filename="Application/Authentication/DTOs/RegisterRequest.cs" line-rate="1" branch-rate="1" complexity="3">
          <methods>
            <method name="get_Username" signature="()" line-rate="1" branch-rate="1" complexity="1">
              <lines>
                <line number="5" hits="276" branch="False" />
              </lines>
            </method>
            <method name="get_Email" signature="()" line-rate="1" branch-rate="1" complexity="1">
              <lines>
                <line number="6" hits="225" branch="False" />
              </lines>
            </method>
            <method name="get_Password" signature="()" line-rate="1" branch-rate="1" complexity="1">
              <lines>
                <line number="7" hits="226" branch="False" />
              </lines>
            </method>
          </methods>
          <lines>
            <line number="5" hits="276" branch="False" />
            <line number="6" hits="225" branch="False" />
            <line number="7" hits="226" branch="False" />
          </lines>
        </class>
        <class name="MySvelteApp.Server.Application.Authentication.DTOs.UserDto" filename="Application/Authentication/DTOs/UserDto.cs" line-rate="1" branch-rate="1" complexity="3">
          <methods>
            <method name="get_Id" signature="()" line-rate="1" branch-rate="1" complexity="1">
              <lines>
                <line number="5" hits="24" branch="False" />
              </lines>
            </method>
            <method name="get_Username" signature="()" line-rate="1" branch-rate="1" complexity="1">
              <lines>
                <line number="6" hits="57" branch="False" />
              </lines>
            </method>
            <method name="get_Email" signature="()" line-rate="1" branch-rate="1" complexity="1">
              <lines>
                <line number="7" hits="52" branch="False" />
              </lines>
            </method>
          </methods>
          <lines>
            <line number="5" hits="24" branch="False" />
            <line number="6" hits="57" branch="False" />
            <line number="7" hits="52" branch="False" />
          </lines>
        </class>
      </classes>
    </package>
  </packages>
</coverage>